2025-02-11 19:17:53,901 - INFO - Starting Executed Trades Logger...
2025-02-11 19:17:53,901 - INFO - Monitoring for new executed trades...
2025-02-11 19:17:53,908 - INFO - New Executed Trade: Buyer: 0x70997970C51812dc3A010C7d01b50e0d17dc79C8 bought 0.30341356 ETH from Seller: 0x70997970C51812dc3A010C7d01b50e0d17dc79C8 at price $2641.34 (Buy Type: LIMIT, Sell Type: LIMIT)
2025-02-11 19:17:53,908 - INFO - New Executed Trade: Buyer: 0x70997970C51812dc3A010C7d01b50e0d17dc79C8 bought 0.32284646 ETH from Seller: 0x70997970C51812dc3A010C7d01b50e0d17dc79C8 at price $2641.34 (Buy Type: LIMIT, Sell Type: LIMIT)
2025-02-11 19:17:53,910 - INFO - New Executed Trade: Buyer: 0x70997970C51812dc3A010C7d01b50e0d17dc79C8 bought 0.35387218 ETH from Seller: 0x70997970C51812dc3A010C7d01b50e0d17dc79C8 at price $2605.37 (Buy Type: LIMIT, Sell Type: LIMIT)
2025-02-11 19:17:53,910 - INFO - New Executed Trade: Buyer: 0x70997970C51812dc3A010C7d01b50e0d17dc79C8 bought 0.32438947 ETH from Seller: 0x70997970C51812dc3A010C7d01b50e0d17dc79C8 at price $2622.08 (Buy Type: LIMIT, Sell Type: LIMIT)
2025-02-11 19:17:53,910 - INFO - New Executed Trade: Buyer: 0x70997970C51812dc3A010C7d01b50e0d17dc79C8 bought 0.43107887 ETH from Seller: 0x70997970C51812dc3A010C7d01b50e0d17dc79C8 at price $2622.08 (Buy Type: LIMIT, Sell Type: LIMIT)
2025-02-11 19:17:53,910 - INFO - New Executed Trade: Buyer: 0x70997970C51812dc3A010C7d01b50e0d17dc79C8 bought 0.16070329 ETH from Seller: 0x70997970C51812dc3A010C7d01b50e0d17dc79C8 at price $2623.34 (Buy Type: LIMIT, Sell Type: LIMIT)
2025-02-11 19:17:53,910 - INFO - New Executed Trade: Buyer: 0x70997970C51812dc3A010C7d01b50e0d17dc79C8 bought 0.08890000 ETH from Seller: 0x70997970C51812dc3A010C7d01b50e0d17dc79C8 at price $2612.34 (Buy Type: LIMIT, Sell Type: LIMIT)
2025-02-11 19:17:53,910 - INFO - New Executed Trade: Buyer: 0x70997970C51812dc3A010C7d01b50e0d17dc79C8 bought 0.22474949 ETH from Seller: 0x70997970C51812dc3A010C7d01b50e0d17dc79C8 at price $2608.31 (Buy Type: LIMIT, Sell Type: LIMIT)
2025-02-11 19:17:53,910 - INFO - New Executed Trade: Buyer: 0x70997970C51812dc3A010C7d01b50e0d17dc79C8 bought 0.43897027 ETH from Seller: 0x70997970C51812dc3A010C7d01b50e0d17dc79C8 at price $2617.88 (Buy Type: LIMIT, Sell Type: LIMIT)
2025-02-11 19:17:53,910 - INFO - New Executed Trade: Buyer: 0x70997970C51812dc3A010C7d01b50e0d17dc79C8 bought 0.32686281 ETH from Seller: 0x70997970C51812dc3A010C7d01b50e0d17dc79C8 at price $2623.34 (Buy Type: LIMIT, Sell Type: LIMIT)
2025-02-11 19:17:53,910 - INFO - New Executed Trade: Buyer: 0x70997970C51812dc3A010C7d01b50e0d17dc79C8 bought 0.15824136 ETH from Seller: 0x70997970C51812dc3A010C7d01b50e0d17dc79C8 at price $2623.34 (Buy Type: LIMIT, Sell Type: LIMIT)
2025-02-11 19:17:53,911 - INFO - New Executed Trade: Buyer: 0x70997970C51812dc3A010C7d01b50e0d17dc79C8 bought 0.51394882 ETH from Seller: 0x70997970C51812dc3A010C7d01b50e0d17dc79C8 at price $2632.50 (Buy Type: LIMIT, Sell Type: LIMIT)
2025-02-11 19:17:53,911 - INFO - New Executed Trade: Buyer: 0x70997970C51812dc3A010C7d01b50e0d17dc79C8 bought 0.15358401 ETH from Seller: 0x70997970C51812dc3A010C7d01b50e0d17dc79C8 at price $2648.69 (Buy Type: LIMIT, Sell Type: LIMIT)
2025-02-11 19:17:53,911 - INFO - New Executed Trade: Buyer: 0x70997970C51812dc3A010C7d01b50e0d17dc79C8 bought 0.09813003 ETH from Seller: 0x70997970C51812dc3A010C7d01b50e0d17dc79C8 at price $2654.37 (Buy Type: LIMIT, Sell Type: LIMIT)
2025-02-11 19:17:53,911 - INFO - New Executed Trade: Buyer: 0x70997970C51812dc3A010C7d01b50e0d17dc79C8 bought 0.25262095 ETH from Seller: 0x70997970C51812dc3A010C7d01b50e0d17dc79C8 at price $2626.31 (Buy Type: LIMIT, Sell Type: LIMIT)
2025-02-11 19:17:53,912 - INFO - New Executed Trade: Buyer: 0x70997970C51812dc3A010C7d01b50e0d17dc79C8 bought 0.18808513 ETH from Seller: 0x70997970C51812dc3A010C7d01b50e0d17dc79C8 at price $2629.25 (Buy Type: LIMIT, Sell Type: LIMIT)
2025-02-11 19:17:53,912 - INFO - New Executed Trade: Buyer: 0x70997970C51812dc3A010C7d01b50e0d17dc79C8 bought 0.66824408 ETH from Seller: 0x70997970C51812dc3A010C7d01b50e0d17dc79C8 at price $2620.68 (Buy Type: LIMIT, Sell Type: LIMIT)
2025-02-11 19:17:53,912 - INFO - New Executed Trade: Buyer: 0x70997970C51812dc3A010C7d01b50e0d17dc79C8 bought 0.18425847 ETH from Seller: 0x70997970C51812dc3A010C7d01b50e0d17dc79C8 at price $2629.25 (Buy Type: LIMIT, Sell Type: LIMIT)
2025-02-11 19:17:53,912 - INFO - New Executed Trade: Buyer: 0x70997970C51812dc3A010C7d01b50e0d17dc79C8 bought 0.01552155 ETH from Seller: 0x70997970C51812dc3A010C7d01b50e0d17dc79C8 at price $2620.68 (Buy Type: LIMIT, Sell Type: LIMIT)
2025-02-11 19:17:53,913 - INFO - New Executed Trade: Buyer: 0x70997970C51812dc3A010C7d01b50e0d17dc79C8 bought 0.30034062 ETH from Seller: 0x70997970C51812dc3A010C7d01b50e0d17dc79C8 at price $2617.99 (Buy Type: LIMIT, Sell Type: LIMIT)
2025-02-11 19:17:53,913 - INFO - New Executed Trade: Buyer: 0x70997970C51812dc3A010C7d01b50e0d17dc79C8 bought 0.45513174 ETH from Seller: 0x70997970C51812dc3A010C7d01b50e0d17dc79C8 at price $2617.99 (Buy Type: LIMIT, Sell Type: LIMIT)
2025-02-11 19:17:53,913 - INFO - New Executed Trade: Buyer: 0x70997970C51812dc3A010C7d01b50e0d17dc79C8 bought 0.19014288 ETH from Seller: 0x70997970C51812dc3A010C7d01b50e0d17dc79C8 at price $2610.31 (Buy Type: LIMIT, Sell Type: LIMIT)
2025-02-11 19:17:53,913 - INFO - New Executed Trade: Buyer: 0x70997970C51812dc3A010C7d01b50e0d17dc79C8 bought 0.20439142 ETH from Seller: 0x70997970C51812dc3A010C7d01b50e0d17dc79C8 at price $2607.29 (Buy Type: LIMIT, Sell Type: LIMIT)
2025-02-11 19:17:53,913 - INFO - New Executed Trade: Buyer: 0x70997970C51812dc3A010C7d01b50e0d17dc79C8 bought 0.33308284 ETH from Seller: 0x70997970C51812dc3A010C7d01b50e0d17dc79C8 at price $2616.72 (Buy Type: LIMIT, Sell Type: LIMIT)
2025-02-11 19:17:53,913 - INFO - New Executed Trade: Buyer: 0x70997970C51812dc3A010C7d01b50e0d17dc79C8 bought 0.31571466 ETH from Seller: 0x70997970C51812dc3A010C7d01b50e0d17dc79C8 at price $2616.72 (Buy Type: LIMIT, Sell Type: LIMIT)
2025-02-11 19:17:53,914 - INFO - New Executed Trade: Buyer: 0x70997970C51812dc3A010C7d01b50e0d17dc79C8 bought 0.37944763 ETH from Seller: 0x70997970C51812dc3A010C7d01b50e0d17dc79C8 at price $2607.10 (Buy Type: LIMIT, Sell Type: LIMIT)
2025-02-11 19:17:53,914 - INFO - New Executed Trade: Buyer: 0x70997970C51812dc3A010C7d01b50e0d17dc79C8 bought 0.60303552 ETH from Seller: 0x70997970C51812dc3A010C7d01b50e0d17dc79C8 at price $2621.40 (Buy Type: LIMIT, Sell Type: LIMIT)
2025-02-11 19:17:53,914 - INFO - New Executed Trade: Buyer: 0x70997970C51812dc3A010C7d01b50e0d17dc79C8 bought 0.52934944 ETH from Seller: 0x70997970C51812dc3A010C7d01b50e0d17dc79C8 at price $2626.03 (Buy Type: LIMIT, Sell Type: LIMIT)
2025-02-11 19:17:53,914 - INFO - New Executed Trade: Buyer: 0x70997970C51812dc3A010C7d01b50e0d17dc79C8 bought 0.30625374 ETH from Seller: 0x70997970C51812dc3A010C7d01b50e0d17dc79C8 at price $2626.03 (Buy Type: LIMIT, Sell Type: LIMIT)
2025-02-11 19:17:53,914 - INFO - New Executed Trade: Buyer: 0x70997970C51812dc3A010C7d01b50e0d17dc79C8 bought 0.13877702 ETH from Seller: 0x70997970C51812dc3A010C7d01b50e0d17dc79C8 at price $2623.01 (Buy Type: LIMIT, Sell Type: LIMIT)
2025-02-11 19:17:53,914 - INFO - New Executed Trade: Buyer: 0x70997970C51812dc3A010C7d01b50e0d17dc79C8 bought 0.29148087 ETH from Seller: 0x70997970C51812dc3A010C7d01b50e0d17dc79C8 at price $2617.33 (Buy Type: LIMIT, Sell Type: LIMIT)
2025-02-11 19:17:53,914 - INFO - New Executed Trade: Buyer: 0x70997970C51812dc3A010C7d01b50e0d17dc79C8 bought 0.13853784 ETH from Seller: 0x70997970C51812dc3A010C7d01b50e0d17dc79C8 at price $2611.32 (Buy Type: LIMIT, Sell Type: LIMIT)
2025-02-11 19:17:53,914 - INFO - New Executed Trade: Buyer: 0x70997970C51812dc3A010C7d01b50e0d17dc79C8 bought 0.22307737 ETH from Seller: 0x70997970C51812dc3A010C7d01b50e0d17dc79C8 at price $2611.32 (Buy Type: LIMIT, Sell Type: LIMIT)
2025-02-11 19:17:53,915 - INFO - New Executed Trade: Buyer: 0x70997970C51812dc3A010C7d01b50e0d17dc79C8 bought 0.22858907 ETH from Seller: 0x70997970C51812dc3A010C7d01b50e0d17dc79C8 at price $2614.57 (Buy Type: LIMIT, Sell Type: LIMIT)
2025-02-11 19:17:53,915 - INFO - New Executed Trade: Buyer: 0x70997970C51812dc3A010C7d01b50e0d17dc79C8 bought 0.26691351 ETH from Seller: 0x70997970C51812dc3A010C7d01b50e0d17dc79C8 at price $2614.57 (Buy Type: LIMIT, Sell Type: LIMIT)
2025-02-11 19:17:53,915 - INFO - New Executed Trade: Buyer: 0x70997970C51812dc3A010C7d01b50e0d17dc79C8 bought 0.01608148 ETH from Seller: 0x70997970C51812dc3A010C7d01b50e0d17dc79C8 at price $2623.73 (Buy Type: LIMIT, Sell Type: LIMIT)
2025-02-11 19:17:53,915 - INFO - New Executed Trade: Buyer: 0x70997970C51812dc3A010C7d01b50e0d17dc79C8 bought 0.49679396 ETH from Seller: 0x70997970C51812dc3A010C7d01b50e0d17dc79C8 at price $2610.97 (Buy Type: LIMIT, Sell Type: LIMIT)
2025-02-11 19:17:53,915 - INFO - New Executed Trade: Buyer: 0x70997970C51812dc3A010C7d01b50e0d17dc79C8 bought 0.41141356 ETH from Seller: 0x70997970C51812dc3A010C7d01b50e0d17dc79C8 at price $2611.68 (Buy Type: LIMIT, Sell Type: LIMIT)
2025-02-11 19:17:53,915 - INFO - New Executed Trade: Buyer: 0x70997970C51812dc3A010C7d01b50e0d17dc79C8 bought 0.07186585 ETH from Seller: 0x70997970C51812dc3A010C7d01b50e0d17dc79C8 at price $2611.68 (Buy Type: LIMIT, Sell Type: LIMIT)
2025-02-11 19:17:53,915 - INFO - New Executed Trade: Buyer: 0x70997970C51812dc3A010C7d01b50e0d17dc79C8 bought 0.19078026 ETH from Seller: 0x70997970C51812dc3A010C7d01b50e0d17dc79C8 at price $2623.73 (Buy Type: LIMIT, Sell Type: LIMIT)
2025-02-11 19:17:53,916 - INFO - New Executed Trade: Buyer: 0x70997970C51812dc3A010C7d01b50e0d17dc79C8 bought 0.14460466 ETH from Seller: 0x70997970C51812dc3A010C7d01b50e0d17dc79C8 at price $2623.73 (Buy Type: LIMIT, Sell Type: LIMIT)
2025-02-11 19:17:53,916 - INFO - New Executed Trade: Buyer: 0x70997970C51812dc3A010C7d01b50e0d17dc79C8 bought 0.00179630 ETH from Seller: 0x70997970C51812dc3A010C7d01b50e0d17dc79C8 at price $2626.03 (Buy Type: LIMIT, Sell Type: LIMIT)
2025-02-11 19:17:53,916 - INFO - New Executed Trade: Buyer: 0x70997970C51812dc3A010C7d01b50e0d17dc79C8 bought 0.16849841 ETH from Seller: 0x70997970C51812dc3A010C7d01b50e0d17dc79C8 at price $2623.26 (Buy Type: LIMIT, Sell Type: LIMIT)
2025-02-11 19:17:53,916 - INFO - New Executed Trade: Buyer: 0x70997970C51812dc3A010C7d01b50e0d17dc79C8 bought 0.43905768 ETH from Seller: 0x70997970C51812dc3A010C7d01b50e0d17dc79C8 at price $2623.26 (Buy Type: LIMIT, Sell Type: LIMIT)
2025-02-11 19:17:53,917 - INFO - New Executed Trade: Buyer: 0x70997970C51812dc3A010C7d01b50e0d17dc79C8 bought 0.03804493 ETH from Seller: 0x70997970C51812dc3A010C7d01b50e0d17dc79C8 at price $2626.03 (Buy Type: LIMIT, Sell Type: LIMIT)
2025-02-11 19:17:53,917 - INFO - New Executed Trade: Buyer: 0x70997970C51812dc3A010C7d01b50e0d17dc79C8 bought 0.40915700 ETH from Seller: 0x70997970C51812dc3A010C7d01b50e0d17dc79C8 at price $2626.29 (Buy Type: LIMIT, Sell Type: LIMIT)
2025-02-11 19:17:53,917 - INFO - New Executed Trade: Buyer: 0x70997970C51812dc3A010C7d01b50e0d17dc79C8 bought 0.28816352 ETH from Seller: 0x70997970C51812dc3A010C7d01b50e0d17dc79C8 at price $2617.65 (Buy Type: LIMIT, Sell Type: LIMIT)
2025-02-11 19:17:53,918 - INFO - New Executed Trade: Buyer: 0x70997970C51812dc3A010C7d01b50e0d17dc79C8 bought 0.39442037 ETH from Seller: 0x70997970C51812dc3A010C7d01b50e0d17dc79C8 at price $2621.77 (Buy Type: LIMIT, Sell Type: LIMIT)
2025-02-11 19:17:53,918 - INFO - New Executed Trade: Buyer: 0x70997970C51812dc3A010C7d01b50e0d17dc79C8 bought 0.06213881 ETH from Seller: 0x70997970C51812dc3A010C7d01b50e0d17dc79C8 at price $2617.65 (Buy Type: LIMIT, Sell Type: LIMIT)
2025-02-11 19:17:53,918 - INFO - New Executed Trade: Buyer: 0x70997970C51812dc3A010C7d01b50e0d17dc79C8 bought 0.20665407 ETH from Seller: 0x70997970C51812dc3A010C7d01b50e0d17dc79C8 at price $2617.65 (Buy Type: LIMIT, Sell Type: LIMIT)
2025-02-11 19:17:53,918 - INFO - New Executed Trade: Buyer: 0x70997970C51812dc3A010C7d01b50e0d17dc79C8 bought 0.09903112 ETH from Seller: 0x70997970C51812dc3A010C7d01b50e0d17dc79C8 at price $2626.29 (Buy Type: LIMIT, Sell Type: LIMIT)
2025-02-11 19:17:53,918 - INFO - New Executed Trade: Buyer: 0x70997970C51812dc3A010C7d01b50e0d17dc79C8 bought 0.11177776 ETH from Seller: 0x70997970C51812dc3A010C7d01b50e0d17dc79C8 at price $2628.41 (Buy Type: LIMIT, Sell Type: LIMIT)
2025-02-11 19:17:53,918 - INFO - New Executed Trade: Buyer: 0x70997970C51812dc3A010C7d01b50e0d17dc79C8 bought 0.30993910 ETH from Seller: 0x70997970C51812dc3A010C7d01b50e0d17dc79C8 at price $2628.42 (Buy Type: LIMIT, Sell Type: LIMIT)
2025-02-11 19:17:53,918 - INFO - New Executed Trade: Buyer: 0x70997970C51812dc3A010C7d01b50e0d17dc79C8 bought 0.12167095 ETH from Seller: 0x70997970C51812dc3A010C7d01b50e0d17dc79C8 at price $2628.42 (Buy Type: LIMIT, Sell Type: LIMIT)
2025-02-11 19:17:53,918 - INFO - New Executed Trade: Buyer: 0x70997970C51812dc3A010C7d01b50e0d17dc79C8 bought 0.11378687 ETH from Seller: 0x70997970C51812dc3A010C7d01b50e0d17dc79C8 at price $2629.25 (Buy Type: LIMIT, Sell Type: LIMIT)
2025-02-11 19:17:53,919 - INFO - New Executed Trade: Buyer: 0x70997970C51812dc3A010C7d01b50e0d17dc79C8 bought 0.12592183 ETH from Seller: 0x70997970C51812dc3A010C7d01b50e0d17dc79C8 at price $2624.12 (Buy Type: LIMIT, Sell Type: LIMIT)
2025-02-11 19:17:53,919 - INFO - New Executed Trade: Buyer: 0x70997970C51812dc3A010C7d01b50e0d17dc79C8 bought 0.23395632 ETH from Seller: 0x70997970C51812dc3A010C7d01b50e0d17dc79C8 at price $2629.25 (Buy Type: LIMIT, Sell Type: LIMIT)
2025-02-11 19:17:53,919 - INFO - New Executed Trade: Buyer: 0x70997970C51812dc3A010C7d01b50e0d17dc79C8 bought 0.48234699 ETH from Seller: 0x70997970C51812dc3A010C7d01b50e0d17dc79C8 at price $2629.87 (Buy Type: LIMIT, Sell Type: LIMIT)
2025-02-11 19:17:53,919 - INFO - New Executed Trade: Buyer: 0x70997970C51812dc3A010C7d01b50e0d17dc79C8 bought 0.22916149 ETH from Seller: 0x70997970C51812dc3A010C7d01b50e0d17dc79C8 at price $2631.22 (Buy Type: LIMIT, Sell Type: LIMIT)
2025-02-11 19:17:53,919 - INFO - New Executed Trade: Buyer: 0x70997970C51812dc3A010C7d01b50e0d17dc79C8 bought 0.12487182 ETH from Seller: 0x70997970C51812dc3A010C7d01b50e0d17dc79C8 at price $2624.12 (Buy Type: LIMIT, Sell Type: LIMIT)
2025-02-11 19:17:53,919 - INFO - New Executed Trade: Buyer: 0x70997970C51812dc3A010C7d01b50e0d17dc79C8 bought 0.09153399 ETH from Seller: 0x70997970C51812dc3A010C7d01b50e0d17dc79C8 at price $2622.95 (Buy Type: LIMIT, Sell Type: LIMIT)
2025-02-11 19:17:53,919 - INFO - New Executed Trade: Buyer: 0x70997970C51812dc3A010C7d01b50e0d17dc79C8 bought 0.06609757 ETH from Seller: 0x70997970C51812dc3A010C7d01b50e0d17dc79C8 at price $2631.22 (Buy Type: LIMIT, Sell Type: LIMIT)
2025-02-11 19:17:53,919 - INFO - New Executed Trade: Buyer: 0x70997970C51812dc3A010C7d01b50e0d17dc79C8 bought 0.04152304 ETH from Seller: 0x70997970C51812dc3A010C7d01b50e0d17dc79C8 at price $2631.22 (Buy Type: LIMIT, Sell Type: LIMIT)
2025-02-11 19:17:53,920 - INFO - New Executed Trade: Buyer: 0x70997970C51812dc3A010C7d01b50e0d17dc79C8 bought 0.30944182 ETH from Seller: 0x70997970C51812dc3A010C7d01b50e0d17dc79C8 at price $2631.23 (Buy Type: LIMIT, Sell Type: LIMIT)
2025-02-11 19:17:53,920 - INFO - New Executed Trade: Buyer: 0x70997970C51812dc3A010C7d01b50e0d17dc79C8 bought 0.22997298 ETH from Seller: 0x70997970C51812dc3A010C7d01b50e0d17dc79C8 at price $2631.23 (Buy Type: LIMIT, Sell Type: LIMIT)
2025-02-11 19:17:53,920 - INFO - New Executed Trade: Buyer: 0x70997970C51812dc3A010C7d01b50e0d17dc79C8 bought 0.31478585 ETH from Seller: 0x70997970C51812dc3A010C7d01b50e0d17dc79C8 at price $2631.82 (Buy Type: LIMIT, Sell Type: LIMIT)
2025-02-11 19:17:53,920 - INFO - New Executed Trade: Buyer: 0x70997970C51812dc3A010C7d01b50e0d17dc79C8 bought 0.02138707 ETH from Seller: 0x70997970C51812dc3A010C7d01b50e0d17dc79C8 at price $2633.74 (Buy Type: LIMIT, Sell Type: LIMIT)
2025-02-11 19:17:53,920 - INFO - New Executed Trade: Buyer: 0x70997970C51812dc3A010C7d01b50e0d17dc79C8 bought 0.35523236 ETH from Seller: 0x70997970C51812dc3A010C7d01b50e0d17dc79C8 at price $2633.74 (Buy Type: LIMIT, Sell Type: LIMIT)
2025-02-11 19:17:53,922 - INFO - Logged 68 new executed trades to executed_trades_20250211_191753.json
2025-02-11 19:17:53,922 - INFO - Found 68 new executed trades
2025-02-11 19:17:58,925 - INFO - New Executed Trade: Buyer: 0x70997970C51812dc3A010C7d01b50e0d17dc79C8 bought 0.38378857 ETH from Seller: 0x70997970C51812dc3A010C7d01b50e0d17dc79C8 at price $2633.74 (Buy Type: LIMIT, Sell Type: LIMIT)
2025-02-11 19:17:58,925 - INFO - New Executed Trade: Buyer: 0x70997970C51812dc3A010C7d01b50e0d17dc79C8 bought 0.30638485 ETH from Seller: 0x70997970C51812dc3A010C7d01b50e0d17dc79C8 at price $2633.90 (Buy Type: LIMIT, Sell Type: LIMIT)
2025-02-11 19:17:58,926 - INFO - New Executed Trade: Buyer: 0x70997970C51812dc3A010C7d01b50e0d17dc79C8 bought 0.22635619 ETH from Seller: 0x70997970C51812dc3A010C7d01b50e0d17dc79C8 at price $2633.90 (Buy Type: LIMIT, Sell Type: LIMIT)
2025-02-11 19:17:58,926 - INFO - New Executed Trade: Buyer: 0x70997970C51812dc3A010C7d01b50e0d17dc79C8 bought 0.22489158 ETH from Seller: 0x70997970C51812dc3A010C7d01b50e0d17dc79C8 at price $2634.24 (Buy Type: LIMIT, Sell Type: LIMIT)
2025-02-11 19:17:58,928 - INFO - Logged 4 new executed trades to executed_trades_20250211_191758.json
2025-02-11 19:17:58,928 - INFO - Found 4 new executed trades
2025-02-11 19:18:03,931 - INFO - New Executed Trade: Buyer: 0x70997970C51812dc3A010C7d01b50e0d17dc79C8 bought 0.94558351 ETH from Seller: 0x70997970C51812dc3A010C7d01b50e0d17dc79C8 at price $2627.93 (Buy Type: LIMIT, Sell Type: LIMIT)
2025-02-11 19:18:03,932 - INFO - New Executed Trade: Buyer: 0x70997970C51812dc3A010C7d01b50e0d17dc79C8 bought 0.19049202 ETH from Seller: 0x70997970C51812dc3A010C7d01b50e0d17dc79C8 at price $2628.46 (Buy Type: LIMIT, Sell Type: LIMIT)
2025-02-11 19:18:03,932 - INFO - Logged 2 new executed trades to executed_trades_20250211_191803.json
2025-02-11 19:18:03,932 - INFO - Found 2 new executed trades
2025-02-11 19:18:08,935 - INFO - New Executed Trade: Buyer: 0x70997970C51812dc3A010C7d01b50e0d17dc79C8 bought 0.49798909 ETH from Seller: 0x70997970C51812dc3A010C7d01b50e0d17dc79C8 at price $2634.24 (Buy Type: LIMIT, Sell Type: LIMIT)
2025-02-11 19:18:08,936 - INFO - New Executed Trade: Buyer: 0x70997970C51812dc3A010C7d01b50e0d17dc79C8 bought 0.26700437 ETH from Seller: 0x70997970C51812dc3A010C7d01b50e0d17dc79C8 at price $2634.24 (Buy Type: LIMIT, Sell Type: LIMIT)
2025-02-11 19:18:08,936 - INFO - New Executed Trade: Buyer: 0x70997970C51812dc3A010C7d01b50e0d17dc79C8 bought 0.73030764 ETH from Seller: 0x70997970C51812dc3A010C7d01b50e0d17dc79C8 at price $2639.41 (Buy Type: LIMIT, Sell Type: LIMIT)
2025-02-11 19:18:08,937 - INFO - Logged 3 new executed trades to executed_trades_20250211_191808.json
2025-02-11 19:18:08,937 - INFO - Found 3 new executed trades
2025-02-11 19:18:13,940 - INFO - New Executed Trade: Buyer: 0x70997970C51812dc3A010C7d01b50e0d17dc79C8 bought 0.21127218 ETH from Seller: 0x70997970C51812dc3A010C7d01b50e0d17dc79C8 at price $2630.59 (Buy Type: LIMIT, Sell Type: LIMIT)
2025-02-11 19:18:13,941 - INFO - New Executed Trade: Buyer: 0x70997970C51812dc3A010C7d01b50e0d17dc79C8 bought 0.63386606 ETH from Seller: 0x70997970C51812dc3A010C7d01b50e0d17dc79C8 at price $2628.46 (Buy Type: LIMIT, Sell Type: LIMIT)
2025-02-11 19:18:13,941 - INFO - New Executed Trade: Buyer: 0x70997970C51812dc3A010C7d01b50e0d17dc79C8 bought 0.04033854 ETH from Seller: 0x70997970C51812dc3A010C7d01b50e0d17dc79C8 at price $2627.93 (Buy Type: LIMIT, Sell Type: LIMIT)
2025-02-11 19:18:13,942 - INFO - New Executed Trade: Buyer: 0x70997970C51812dc3A010C7d01b50e0d17dc79C8 bought 0.28914196 ETH from Seller: 0x70997970C51812dc3A010C7d01b50e0d17dc79C8 at price $2618.20 (Buy Type: LIMIT, Sell Type: LIMIT)
2025-02-11 19:18:13,942 - INFO - New Executed Trade: Buyer: 0x70997970C51812dc3A010C7d01b50e0d17dc79C8 bought 0.07696098 ETH from Seller: 0x70997970C51812dc3A010C7d01b50e0d17dc79C8 at price $2621.61 (Buy Type: LIMIT, Sell Type: LIMIT)
2025-02-11 19:18:13,943 - INFO - New Executed Trade: Buyer: 0x70997970C51812dc3A010C7d01b50e0d17dc79C8 bought 0.10616975 ETH from Seller: 0x70997970C51812dc3A010C7d01b50e0d17dc79C8 at price $2634.71 (Buy Type: LIMIT, Sell Type: LIMIT)
2025-02-11 19:18:13,944 - INFO - Logged 6 new executed trades to executed_trades_20250211_191813.json
2025-02-11 19:18:13,944 - INFO - Found 6 new executed trades
2025-02-11 19:18:18,948 - INFO - New Executed Trade: Buyer: 0x70997970C51812dc3A010C7d01b50e0d17dc79C8 bought 0.43090303 ETH from Seller: 0x70997970C51812dc3A010C7d01b50e0d17dc79C8 at price $2631.88 (Buy Type: LIMIT, Sell Type: LIMIT)
2025-02-11 19:18:18,948 - INFO - New Executed Trade: Buyer: 0x70997970C51812dc3A010C7d01b50e0d17dc79C8 bought 0.32110258 ETH from Seller: 0x70997970C51812dc3A010C7d01b50e0d17dc79C8 at price $2634.71 (Buy Type: LIMIT, Sell Type: LIMIT)
2025-02-11 19:18:18,948 - INFO - New Executed Trade: Buyer: 0x70997970C51812dc3A010C7d01b50e0d17dc79C8 bought 0.13599040 ETH from Seller: 0x70997970C51812dc3A010C7d01b50e0d17dc79C8 at price $2631.00 (Buy Type: LIMIT, Sell Type: LIMIT)
2025-02-11 19:18:18,949 - INFO - New Executed Trade: Buyer: 0x70997970C51812dc3A010C7d01b50e0d17dc79C8 bought 0.09958319 ETH from Seller: 0x70997970C51812dc3A010C7d01b50e0d17dc79C8 at price $2634.71 (Buy Type: LIMIT, Sell Type: LIMIT)
2025-02-11 19:18:18,949 - INFO - Logged 4 new executed trades to executed_trades_20250211_191818.json
2025-02-11 19:18:18,950 - INFO - Found 4 new executed trades
2025-02-11 19:18:23,953 - INFO - New Executed Trade: Buyer: 0x70997970C51812dc3A010C7d01b50e0d17dc79C8 bought 0.09701313 ETH from Seller: 0x70997970C51812dc3A010C7d01b50e0d17dc79C8 at price $2639.41 (Buy Type: LIMIT, Sell Type: LIMIT)
2025-02-11 19:18:23,953 - INFO - New Executed Trade: Buyer: 0x70997970C51812dc3A010C7d01b50e0d17dc79C8 bought 0.17439316 ETH from Seller: 0x70997970C51812dc3A010C7d01b50e0d17dc79C8 at price $2640.59 (Buy Type: LIMIT, Sell Type: LIMIT)
2025-02-11 19:18:23,954 - INFO - New Executed Trade: Buyer: 0x70997970C51812dc3A010C7d01b50e0d17dc79C8 bought 0.52251850 ETH from Seller: 0x70997970C51812dc3A010C7d01b50e0d17dc79C8 at price $2636.75 (Buy Type: LIMIT, Sell Type: LIMIT)
2025-02-11 19:18:23,955 - INFO - Logged 3 new executed trades to executed_trades_20250211_191823.json
2025-02-11 19:18:23,955 - INFO - Found 3 new executed trades
2025-02-11 19:18:28,958 - INFO - New Executed Trade: Buyer: 0x70997970C51812dc3A010C7d01b50e0d17dc79C8 bought 0.41489972 ETH from Seller: 0x70997970C51812dc3A010C7d01b50e0d17dc79C8 at price $2630.52 (Buy Type: LIMIT, Sell Type: LIMIT)
2025-02-11 19:18:28,958 - INFO - New Executed Trade: Buyer: 0x70997970C51812dc3A010C7d01b50e0d17dc79C8 bought 0.08309589 ETH from Seller: 0x70997970C51812dc3A010C7d01b50e0d17dc79C8 at price $2632.67 (Buy Type: LIMIT, Sell Type: LIMIT)
2025-02-11 19:18:28,959 - INFO - Logged 2 new executed trades to executed_trades_20250211_191828.json
2025-02-11 19:18:28,959 - INFO - Found 2 new executed trades
2025-02-11 19:18:33,962 - INFO - New Executed Trade: Buyer: 0x70997970C51812dc3A010C7d01b50e0d17dc79C8 bought 0.00788341 ETH from Seller: 0x70997970C51812dc3A010C7d01b50e0d17dc79C8 at price $2640.59 (Buy Type: LIMIT, Sell Type: LIMIT)
2025-02-11 19:18:33,962 - INFO - New Executed Trade: Buyer: 0x70997970C51812dc3A010C7d01b50e0d17dc79C8 bought 0.56229456 ETH from Seller: 0x70997970C51812dc3A010C7d01b50e0d17dc79C8 at price $2640.66 (Buy Type: LIMIT, Sell Type: LIMIT)
2025-02-11 19:18:33,962 - INFO - New Executed Trade: Buyer: 0x70997970C51812dc3A010C7d01b50e0d17dc79C8 bought 0.18018649 ETH from Seller: 0x70997970C51812dc3A010C7d01b50e0d17dc79C8 at price $2640.02 (Buy Type: LIMIT, Sell Type: LIMIT)
2025-02-11 19:18:33,963 - INFO - New Executed Trade: Buyer: 0x70997970C51812dc3A010C7d01b50e0d17dc79C8 bought 0.45861007 ETH from Seller: 0x70997970C51812dc3A010C7d01b50e0d17dc79C8 at price $2639.87 (Buy Type: LIMIT, Sell Type: LIMIT)
2025-02-11 19:18:33,963 - INFO - Logged 4 new executed trades to executed_trades_20250211_191833.json
2025-02-11 19:18:33,963 - INFO - Found 4 new executed trades
2025-02-11 19:18:43,969 - INFO - New Executed Trade: Buyer: 0x70997970C51812dc3A010C7d01b50e0d17dc79C8 bought 0.07133612 ETH from Seller: 0x70997970C51812dc3A010C7d01b50e0d17dc79C8 at price $2639.87 (Buy Type: LIMIT, Sell Type: LIMIT)
2025-02-11 19:18:43,970 - INFO - New Executed Trade: Buyer: 0x70997970C51812dc3A010C7d01b50e0d17dc79C8 bought 0.54331245 ETH from Seller: 0x70997970C51812dc3A010C7d01b50e0d17dc79C8 at price $2630.52 (Buy Type: LIMIT, Sell Type: LIMIT)
2025-02-11 19:18:43,970 - INFO - New Executed Trade: Buyer: 0x70997970C51812dc3A010C7d01b50e0d17dc79C8 bought 0.13026404 ETH from Seller: 0x70997970C51812dc3A010C7d01b50e0d17dc79C8 at price $2627.60 (Buy Type: LIMIT, Sell Type: LIMIT)
2025-02-11 19:18:43,970 - INFO - New Executed Trade: Buyer: 0x70997970C51812dc3A010C7d01b50e0d17dc79C8 bought 0.29825506 ETH from Seller: 0x70997970C51812dc3A010C7d01b50e0d17dc79C8 at price $2640.66 (Buy Type: LIMIT, Sell Type: LIMIT)
2025-02-11 19:18:43,971 - INFO - New Executed Trade: Buyer: 0x70997970C51812dc3A010C7d01b50e0d17dc79C8 bought 0.33034168 ETH from Seller: 0x70997970C51812dc3A010C7d01b50e0d17dc79C8 at price $2645.53 (Buy Type: LIMIT, Sell Type: LIMIT)
2025-02-11 19:18:43,971 - INFO - New Executed Trade: Buyer: 0x70997970C51812dc3A010C7d01b50e0d17dc79C8 bought 0.13583420 ETH from Seller: 0x70997970C51812dc3A010C7d01b50e0d17dc79C8 at price $2628.05 (Buy Type: LIMIT, Sell Type: LIMIT)
2025-02-11 19:18:43,971 - INFO - New Executed Trade: Buyer: 0x70997970C51812dc3A010C7d01b50e0d17dc79C8 bought 0.35019705 ETH from Seller: 0x70997970C51812dc3A010C7d01b50e0d17dc79C8 at price $2645.53 (Buy Type: LIMIT, Sell Type: LIMIT)
2025-02-11 19:18:43,972 - INFO - Logged 7 new executed trades to executed_trades_20250211_191843.json
2025-02-11 19:18:43,972 - INFO - Found 7 new executed trades
2025-02-11 19:18:48,975 - INFO - New Executed Trade: Buyer: 0x70997970C51812dc3A010C7d01b50e0d17dc79C8 bought 0.28236367 ETH from Seller: 0x70997970C51812dc3A010C7d01b50e0d17dc79C8 at price $2627.60 (Buy Type: LIMIT, Sell Type: LIMIT)
2025-02-11 19:18:48,975 - INFO - New Executed Trade: Buyer: 0x70997970C51812dc3A010C7d01b50e0d17dc79C8 bought 0.21388078 ETH from Seller: 0x70997970C51812dc3A010C7d01b50e0d17dc79C8 at price $2621.22 (Buy Type: LIMIT, Sell Type: LIMIT)
2025-02-11 19:18:48,976 - INFO - New Executed Trade: Buyer: 0x70997970C51812dc3A010C7d01b50e0d17dc79C8 bought 0.07634089 ETH from Seller: 0x70997970C51812dc3A010C7d01b50e0d17dc79C8 at price $2619.27 (Buy Type: LIMIT, Sell Type: LIMIT)
2025-02-11 19:18:48,976 - INFO - Logged 3 new executed trades to executed_trades_20250211_191848.json
2025-02-11 19:18:48,977 - INFO - Found 3 new executed trades
2025-02-11 19:18:53,980 - INFO - New Executed Trade: Buyer: 0x70997970C51812dc3A010C7d01b50e0d17dc79C8 bought 0.17824649 ETH from Seller: 0x70997970C51812dc3A010C7d01b50e0d17dc79C8 at price $2639.74 (Buy Type: LIMIT, Sell Type: LIMIT)
2025-02-11 19:18:53,980 - INFO - New Executed Trade: Buyer: 0x70997970C51812dc3A010C7d01b50e0d17dc79C8 bought 0.25681305 ETH from Seller: 0x70997970C51812dc3A010C7d01b50e0d17dc79C8 at price $2639.74 (Buy Type: LIMIT, Sell Type: LIMIT)
2025-02-11 19:18:53,981 - INFO - Logged 2 new executed trades to executed_trades_20250211_191853.json
2025-02-11 19:18:53,981 - INFO - Found 2 new executed trades
2025-02-11 19:18:58,984 - INFO - New Executed Trade: Buyer: 0x70997970C51812dc3A010C7d01b50e0d17dc79C8 bought 0.00761964 ETH from Seller: 0x70997970C51812dc3A010C7d01b50e0d17dc79C8 at price $2645.53 (Buy Type: LIMIT, Sell Type: LIMIT)
2025-02-11 19:18:58,985 - INFO - New Executed Trade: Buyer: 0x70997970C51812dc3A010C7d01b50e0d17dc79C8 bought 0.67957557 ETH from Seller: 0x70997970C51812dc3A010C7d01b50e0d17dc79C8 at price $2646.33 (Buy Type: LIMIT, Sell Type: LIMIT)
2025-02-11 19:18:58,985 - INFO - New Executed Trade: Buyer: 0x70997970C51812dc3A010C7d01b50e0d17dc79C8 bought 0.16639661 ETH from Seller: 0x70997970C51812dc3A010C7d01b50e0d17dc79C8 at price $2646.55 (Buy Type: LIMIT, Sell Type: LIMIT)
2025-02-11 19:18:58,985 - INFO - New Executed Trade: Buyer: 0x70997970C51812dc3A010C7d01b50e0d17dc79C8 bought 0.51555318 ETH from Seller: 0x70997970C51812dc3A010C7d01b50e0d17dc79C8 at price $2639.74 (Buy Type: LIMIT, Sell Type: LIMIT)
2025-02-11 19:18:58,985 - INFO - New Executed Trade: Buyer: 0x70997970C51812dc3A010C7d01b50e0d17dc79C8 bought 0.04664560 ETH from Seller: 0x70997970C51812dc3A010C7d01b50e0d17dc79C8 at price $2635.91 (Buy Type: LIMIT, Sell Type: LIMIT)
2025-02-11 19:18:58,986 - INFO - New Executed Trade: Buyer: 0x70997970C51812dc3A010C7d01b50e0d17dc79C8 bought 0.54680848 ETH from Seller: 0x70997970C51812dc3A010C7d01b50e0d17dc79C8 at price $2635.91 (Buy Type: LIMIT, Sell Type: LIMIT)
2025-02-11 19:18:58,986 - INFO - Logged 6 new executed trades to executed_trades_20250211_191858.json
2025-02-11 19:18:58,986 - INFO - Found 6 new executed trades
2025-02-11 19:19:03,989 - INFO - New Executed Trade: Buyer: 0x70997970C51812dc3A010C7d01b50e0d17dc79C8 bought 0.15129725 ETH from Seller: 0x70997970C51812dc3A010C7d01b50e0d17dc79C8 at price $2638.50 (Buy Type: LIMIT, Sell Type: LIMIT)
2025-02-11 19:19:03,990 - INFO - New Executed Trade: Buyer: 0x70997970C51812dc3A010C7d01b50e0d17dc79C8 bought 0.32646660 ETH from Seller: 0x70997970C51812dc3A010C7d01b50e0d17dc79C8 at price $2636.35 (Buy Type: LIMIT, Sell Type: LIMIT)
2025-02-11 19:19:03,990 - INFO - New Executed Trade: Buyer: 0x70997970C51812dc3A010C7d01b50e0d17dc79C8 bought 0.15168926 ETH from Seller: 0x70997970C51812dc3A010C7d01b50e0d17dc79C8 at price $2635.91 (Buy Type: LIMIT, Sell Type: LIMIT)
2025-02-11 19:19:03,990 - INFO - New Executed Trade: Buyer: 0x70997970C51812dc3A010C7d01b50e0d17dc79C8 bought 0.18169219 ETH from Seller: 0x70997970C51812dc3A010C7d01b50e0d17dc79C8 at price $2634.49 (Buy Type: LIMIT, Sell Type: LIMIT)
2025-02-11 19:19:03,990 - INFO - New Executed Trade: Buyer: 0x70997970C51812dc3A010C7d01b50e0d17dc79C8 bought 0.08120486 ETH from Seller: 0x70997970C51812dc3A010C7d01b50e0d17dc79C8 at price $2627.55 (Buy Type: LIMIT, Sell Type: LIMIT)
2025-02-11 19:19:03,991 - INFO - Logged 5 new executed trades to executed_trades_20250211_191903.json
2025-02-11 19:19:03,991 - INFO - Found 5 new executed trades
2025-02-11 19:19:08,995 - INFO - New Executed Trade: Buyer: 0x70997970C51812dc3A010C7d01b50e0d17dc79C8 bought 0.44920466 ETH from Seller: 0x70997970C51812dc3A010C7d01b50e0d17dc79C8 at price $2644.12 (Buy Type: LIMIT, Sell Type: LIMIT)
2025-02-11 19:19:08,996 - INFO - Logged 1 new executed trades to executed_trades_20250211_191908.json
2025-02-11 19:19:08,996 - INFO - Found 1 new executed trades
2025-02-11 19:19:13,999 - INFO - New Executed Trade: Buyer: 0x70997970C51812dc3A010C7d01b50e0d17dc79C8 bought 0.11540179 ETH from Seller: 0x70997970C51812dc3A010C7d01b50e0d17dc79C8 at price $2636.12 (Buy Type: LIMIT, Sell Type: LIMIT)
2025-02-11 19:19:13,999 - INFO - New Executed Trade: Buyer: 0x70997970C51812dc3A010C7d01b50e0d17dc79C8 bought 0.26971814 ETH from Seller: 0x70997970C51812dc3A010C7d01b50e0d17dc79C8 at price $2636.12 (Buy Type: LIMIT, Sell Type: LIMIT)
2025-02-11 19:19:14,000 - INFO - New Executed Trade: Buyer: 0x70997970C51812dc3A010C7d01b50e0d17dc79C8 bought 0.34414537 ETH from Seller: 0x70997970C51812dc3A010C7d01b50e0d17dc79C8 at price $2636.12 (Buy Type: LIMIT, Sell Type: LIMIT)
2025-02-11 19:19:14,000 - INFO - New Executed Trade: Buyer: 0x70997970C51812dc3A010C7d01b50e0d17dc79C8 bought 0.30559135 ETH from Seller: 0x70997970C51812dc3A010C7d01b50e0d17dc79C8 at price $2629.63 (Buy Type: LIMIT, Sell Type: LIMIT)
2025-02-11 19:19:14,000 - INFO - New Executed Trade: Buyer: 0x70997970C51812dc3A010C7d01b50e0d17dc79C8 bought 0.13428410 ETH from Seller: 0x70997970C51812dc3A010C7d01b50e0d17dc79C8 at price $2626.27 (Buy Type: LIMIT, Sell Type: LIMIT)
2025-02-11 19:19:14,000 - INFO - New Executed Trade: Buyer: 0x70997970C51812dc3A010C7d01b50e0d17dc79C8 bought 0.31941438 ETH from Seller: 0x70997970C51812dc3A010C7d01b50e0d17dc79C8 at price $2626.27 (Buy Type: LIMIT, Sell Type: LIMIT)
2025-02-11 19:19:14,001 - INFO - Logged 6 new executed trades to executed_trades_20250211_191914.json
2025-02-11 19:19:14,001 - INFO - Found 6 new executed trades
2025-02-11 19:19:24,007 - INFO - New Executed Trade: Buyer: 0x70997970C51812dc3A010C7d01b50e0d17dc79C8 bought 0.36905858 ETH from Seller: 0x70997970C51812dc3A010C7d01b50e0d17dc79C8 at price $2626.27 (Buy Type: LIMIT, Sell Type: LIMIT)
2025-02-11 19:19:24,007 - INFO - New Executed Trade: Buyer: 0x70997970C51812dc3A010C7d01b50e0d17dc79C8 bought 0.44595123 ETH from Seller: 0x70997970C51812dc3A010C7d01b50e0d17dc79C8 at price $2623.83 (Buy Type: LIMIT, Sell Type: LIMIT)
2025-02-11 19:19:24,008 - INFO - Logged 2 new executed trades to executed_trades_20250211_191924.json
2025-02-11 19:19:24,008 - INFO - Found 2 new executed trades
2025-02-11 19:19:29,011 - INFO - New Executed Trade: Buyer: 0x70997970C51812dc3A010C7d01b50e0d17dc79C8 bought 0.37231939 ETH from Seller: 0x70997970C51812dc3A010C7d01b50e0d17dc79C8 at price $2631.07 (Buy Type: LIMIT, Sell Type: LIMIT)
2025-02-11 19:19:29,011 - INFO - New Executed Trade: Buyer: 0x70997970C51812dc3A010C7d01b50e0d17dc79C8 bought 0.48340916 ETH from Seller: 0x70997970C51812dc3A010C7d01b50e0d17dc79C8 at price $2631.07 (Buy Type: LIMIT, Sell Type: LIMIT)
2025-02-11 19:19:29,012 - INFO - New Executed Trade: Buyer: 0x70997970C51812dc3A010C7d01b50e0d17dc79C8 bought 0.31022949 ETH from Seller: 0x70997970C51812dc3A010C7d01b50e0d17dc79C8 at price $2623.83 (Buy Type: LIMIT, Sell Type: LIMIT)
2025-02-11 19:19:29,012 - INFO - New Executed Trade: Buyer: 0x70997970C51812dc3A010C7d01b50e0d17dc79C8 bought 0.28422110 ETH from Seller: 0x70997970C51812dc3A010C7d01b50e0d17dc79C8 at price $2623.26 (Buy Type: LIMIT, Sell Type: LIMIT)
2025-02-11 19:19:29,013 - INFO - Logged 4 new executed trades to executed_trades_20250211_191929.json
2025-02-11 19:19:29,013 - INFO - Found 4 new executed trades
2025-02-11 19:19:34,017 - INFO - New Executed Trade: Buyer: 0x70997970C51812dc3A010C7d01b50e0d17dc79C8 bought 0.67896578 ETH from Seller: 0x70997970C51812dc3A010C7d01b50e0d17dc79C8 at price $2623.77 (Buy Type: LIMIT, Sell Type: LIMIT)
2025-02-11 19:19:34,017 - INFO - Logged 1 new executed trades to executed_trades_20250211_191934.json
2025-02-11 19:19:34,018 - INFO - Found 1 new executed trades
2025-02-11 19:19:39,021 - INFO - New Executed Trade: Buyer: 0x70997970C51812dc3A010C7d01b50e0d17dc79C8 bought 0.01548576 ETH from Seller: 0x70997970C51812dc3A010C7d01b50e0d17dc79C8 at price $2623.77 (Buy Type: LIMIT, Sell Type: LIMIT)
2025-02-11 19:19:39,021 - INFO - New Executed Trade: Buyer: 0x70997970C51812dc3A010C7d01b50e0d17dc79C8 bought 0.21094964 ETH from Seller: 0x70997970C51812dc3A010C7d01b50e0d17dc79C8 at price $2623.26 (Buy Type: LIMIT, Sell Type: LIMIT)
2025-02-11 19:19:39,022 - INFO - New Executed Trade: Buyer: 0x70997970C51812dc3A010C7d01b50e0d17dc79C8 bought 0.49322756 ETH from Seller: 0x70997970C51812dc3A010C7d01b50e0d17dc79C8 at price $2622.50 (Buy Type: LIMIT, Sell Type: LIMIT)
2025-02-11 19:19:39,022 - INFO - New Executed Trade: Buyer: 0x70997970C51812dc3A010C7d01b50e0d17dc79C8 bought 0.43473031 ETH from Seller: 0x70997970C51812dc3A010C7d01b50e0d17dc79C8 at price $2622.50 (Buy Type: LIMIT, Sell Type: LIMIT)
2025-02-11 19:19:39,023 - INFO - Logged 4 new executed trades to executed_trades_20250211_191939.json
2025-02-11 19:19:39,023 - INFO - Found 4 new executed trades
2025-02-11 19:19:44,027 - INFO - New Executed Trade: Buyer: 0x70997970C51812dc3A010C7d01b50e0d17dc79C8 bought 0.06331595 ETH from Seller: 0x70997970C51812dc3A010C7d01b50e0d17dc79C8 at price $2622.23 (Buy Type: LIMIT, Sell Type: LIMIT)
2025-02-11 19:19:44,027 - INFO - New Executed Trade: Buyer: 0x70997970C51812dc3A010C7d01b50e0d17dc79C8 bought 0.11210393 ETH from Seller: 0x70997970C51812dc3A010C7d01b50e0d17dc79C8 at price $2629.85 (Buy Type: LIMIT, Sell Type: LIMIT)
2025-02-11 19:19:44,028 - INFO - New Executed Trade: Buyer: 0x70997970C51812dc3A010C7d01b50e0d17dc79C8 bought 0.20416289 ETH from Seller: 0x70997970C51812dc3A010C7d01b50e0d17dc79C8 at price $2629.85 (Buy Type: LIMIT, Sell Type: LIMIT)
2025-02-11 19:19:44,028 - INFO - New Executed Trade: Buyer: 0x70997970C51812dc3A010C7d01b50e0d17dc79C8 bought 0.60605497 ETH from Seller: 0x70997970C51812dc3A010C7d01b50e0d17dc79C8 at price $2635.75 (Buy Type: LIMIT, Sell Type: LIMIT)
2025-02-11 19:19:44,029 - INFO - Logged 4 new executed trades to executed_trades_20250211_191944.json
2025-02-11 19:19:44,029 - INFO - Found 4 new executed trades
2025-02-11 19:19:49,033 - INFO - New Executed Trade: Buyer: 0x70997970C51812dc3A010C7d01b50e0d17dc79C8 bought 0.23136563 ETH from Seller: 0x70997970C51812dc3A010C7d01b50e0d17dc79C8 at price $2621.12 (Buy Type: LIMIT, Sell Type: LIMIT)
2025-02-11 19:19:49,033 - INFO - Logged 1 new executed trades to executed_trades_20250211_191949.json
2025-02-11 19:19:49,034 - INFO - Found 1 new executed trades
